<?xml version="1.0" encoding="UTF-8"?>
<!-- Generated by org.testng.reporters.JUnitXMLReporter -->
<testsuite hostname="ASDP1501PO01976" ignored="0" name="Default test" tests="13" failures="0" timestamp="03 Jul 2018 06:01:58 GMT" time="83.688" errors="0">
  <testcase name="Test01_user_able_to_open_drop_down_list" time="3.854" classname="Bingtesting.BingTesting"/>
  <testcase name="Test02_user_able_to_select_language" time="1.093" classname="Bingtesting.BingTesting"/>
  <testcase name="Test03_Translate_language" time="3.055" classname="Bingtesting.BingTesting"/>
  <testcase name="Test04_swap_language" time="4.375" classname="Bingtesting.BingTesting"/>
  <testcase name="Test05_select_last_and_secondlast_language" time="3.086" classname="Bingtesting.BingTesting"/>
  <testcase name="Test06_clear_button" time="0.854" classname="Bingtesting.BingTesting"/>
  <testcase name="Test07_click_on_audio_button" time="4.62" classname="Bingtesting.BingTesting"/>
  <testcase name="Test08_click_on_copy_button" time="4.31" classname="Bingtesting.BingTesting"/>
  <testcase name="Test09_feedback" time="5.002" classname="Bingtesting.BingTesting"/>
  <testcase name="Test10_click_on_signin_button" time="2.883" classname="Bingtesting.BingTesting"/>
  <testcase name="Test11_click_on_bing" time="14.532" classname="Bingtesting.BingTesting"/>
  <testcase name="Test12_user_able_to_click_on_microsoft_button" time="32.543" classname="Bingtesting.BingTesting"/>
  <testcase name="Test13_user_able_to_search" time="2.205" classname="Bingtesting.BingTesting"/>
</testsuite> <!-- Default test -->
